# JRE version: Java(TM) SE Runtime Environment (8.0_191-b12) (build 1.8.0_191-b12)
# Java VM: Java HotSpot(TM) Client VM (25.191-b12 mixed mode, sharing windows-x86 )
Heap:
 def new generation   total 8704K, used 6820K [0x05000000, 0x05970000, 0x0a550000)
  eden space 7744K,  79% used [0x05000000, 0x05600d90, 0x05790000)
  from space 960K,  70% used [0x05790000, 0x058383c0, 0x05880000)
  to   space 960K,   0% used [0x05880000, 0x05880000, 0x05970000)
 tenured generation   total 19248K, used 18328K [0x0a550000, 0x0b81c000, 0x15000000)
   the space 19248K,  95% used [0x0a550000, 0x0b736390, 0x0b736400, 0x0b81c000)
 Metaspace       used 5888K, capacity 7104K, committed 7168K, reserved 7552K
GC Heap History (10 events):
Event: 573.722 GC heap before
{Heap before GC invocations=4314 (full 2):
 def new generation   total 8704K, used 7893K [0x05000000, 0x05970000, 0x0a550000)
  eden space 7744K,  93% used [0x05000000, 0x0570d288, 0x05790000)
  from space 960K,  70% used [0x05880000, 0x059283b0, 0x05970000)
  to   space 960K,   0% used [0x05790000, 0x05790000, 0x05880000)
 tenured generation   total 19248K, used 18328K [0x0a550000, 0x0b81c000, 0x15000000)
   the space 19248K,  95% used [0x0a550000, 0x0b7360e0, 0x0b736200, 0x0b81c000)
 Metaspace       used 5888K, capacity 7104K, committed 7168K, reserved 7552K
Event: 573.723 GC heap after
Heap after GC invocations=4315 (full 2):
 def new generation   total 8704K, used 672K [0x05000000, 0x05970000, 0x0a550000)
  eden space 7744K,   0% used [0x05000000, 0x05000000, 0x05790000)
  from space 960K,  70% used [0x05790000, 0x058383e0, 0x05880000)
  to   space 960K,   0% used [0x05880000, 0x05880000, 0x05970000)
 tenured generation   total 19248K, used 18328K [0x0a550000, 0x0b81c000, 0x15000000)
   the space 19248K,  95% used [0x0a550000, 0x0b736140, 0x0b736200, 0x0b81c000)
 Metaspace       used 5888K, capacity 7104K, committed 7168K, reserved 7552K
}
Event: 573.855 GC heap before
{Heap before GC invocations=4315 (full 2):
 def new generation   total 8704K, used 7893K [0x05000000, 0x05970000, 0x0a550000)
  eden space 7744K,  93% used [0x05000000, 0x0570d210, 0x05790000)
  from space 960K,  70% used [0x05790000, 0x058383e0, 0x05880000)
  to   space 960K,   0% used [0x05880000, 0x05880000, 0x05970000)
 tenured generation   total 19248K, used 18328K [0x0a550000, 0x0b81c000, 0x15000000)
   the space 19248K,  95% used [0x0a550000, 0x0b736140, 0x0b736200, 0x0b81c000)
 Metaspace       used 5888K, capacity 7104K, committed 7168K, reserved 7552K
Event: 573.857 GC heap after
Heap after GC invocations=4316 (full 2):
 def new generation   total 8704K, used 673K [0x05000000, 0x05970000, 0x0a550000)
  eden space 7744K,   0% used [0x05000000, 0x05000000, 0x05790000)
  from space 960K,  70% used [0x05880000, 0x05928420, 0x05970000)
  to   space 960K,   0% used [0x05790000, 0x05790000, 0x05880000)
 tenured generation   total 19248K, used 18328K [0x0a550000, 0x0b81c000, 0x15000000)
   the space 19248K,  95% used [0x0a550000, 0x0b7361d0, 0x0b736200, 0x0b81c000)
 Metaspace       used 5888K, capacity 7104K, committed 7168K, reserved 7552K
}
Event: 573.988 GC heap before
{Heap before GC invocations=4316 (full 2):
 def new generation   total 8704K, used 7893K [0x05000000, 0x05970000, 0x0a550000)
  eden space 7744K,  93% used [0x05000000, 0x0570d210, 0x05790000)
  from space 960K,  70% used [0x05880000, 0x05928420, 0x05970000)
  to   space 960K,   0% used [0x05790000, 0x05790000, 0x05880000)
 tenured generation   total 19248K, used 18328K [0x0a550000, 0x0b81c000, 0x15000000)
   the space 19248K,  95% used [0x0a550000, 0x0b7361d0, 0x0b736200, 0x0b81c000)
 Metaspace       used 5888K, capacity 7104K, committed 7168K, reserved 7552K
Event: 573.990 GC heap after
Heap after GC invocations=4317 (full 2):
 def new generation   total 8704K, used 672K [0x05000000, 0x05970000, 0x0a550000)
  eden space 7744K,   0% used [0x05000000, 0x05000000, 0x05790000)
  from space 960K,  70% used [0x05790000, 0x058383d0, 0x05880000)
  to   space 960K,   0% used [0x05880000, 0x05880000, 0x05970000)
 tenured generation   total 19248K, used 18328K [0x0a550000, 0x0b81c000, 0x15000000)
   the space 19248K,  95% used [0x0a550000, 0x0b7362a0, 0x0b736400, 0x0b81c000)
 Metaspace       used 5888K, capacity 7104K, committed 7168K, reserved 7552K
}
Event: 574.121 GC heap before
{Heap before GC invocations=4317 (full 2):
 def new generation   total 8704K, used 7893K [0x05000000, 0x05970000, 0x0a550000)
  eden space 7744K,  93% used [0x05000000, 0x0570d288, 0x05790000)
  from space 960K,  70% used [0x05790000, 0x058383d0, 0x05880000)
  to   space 960K,   0% used [0x05880000, 0x05880000, 0x05970000)
 tenured generation   total 19248K, used 18328K [0x0a550000, 0x0b81c000, 0x15000000)
   the space 19248K,  95% used [0x0a550000, 0x0b7362a0, 0x0b736400, 0x0b81c000)
 Metaspace       used 5888K, capacity 7104K, committed 7168K, reserved 7552K
Event: 574.123 GC heap after
Heap after GC invocations=4318 (full 2):
 def new generation   total 8704K, used 672K [0x05000000, 0x05970000, 0x0a550000)
  eden space 7744K,   0% used [0x05000000, 0x05000000, 0x05790000)
  from space 960K,  70% used [0x05880000, 0x059283c0, 0x05970000)
  to   space 960K,   0% used [0x05790000, 0x05790000, 0x05880000)
 tenured generation   total 19248K, used 18328K [0x0a550000, 0x0b81c000, 0x15000000)
   the space 19248K,  95% used [0x0a550000, 0x0b736320, 0x0b736400, 0x0b81c000)
 Metaspace       used 5888K, capacity 7104K, committed 7168K, reserved 7552K
}
Event: 574.255 GC heap before
{Heap before GC invocations=4318 (full 2):
 def new generation   total 8704K, used 7893K [0x05000000, 0x05970000, 0x0a550000)
  eden space 7744K,  93% used [0x05000000, 0x0570d288, 0x05790000)
  from space 960K,  70% used [0x05880000, 0x059283c0, 0x05970000)
  to   space 960K,   0% used [0x05790000, 0x05790000, 0x05880000)
 tenured generation   total 19248K, used 18328K [0x0a550000, 0x0b81c000, 0x15000000)
   the space 19248K,  95% used [0x0a550000, 0x0b736320, 0x0b736400, 0x0b81c000)
 Metaspace       used 5888K, capacity 7104K, committed 7168K, reserved 7552K
Event: 574.256 GC heap after
Heap after GC invocations=4319 (full 2):
 def new generation   total 8704K, used 672K [0x05000000, 0x05970000, 0x0a550000)
  eden space 7744K,   0% used [0x05000000, 0x05000000, 0x05790000)
  from space 960K,  70% used [0x05790000, 0x058383c0, 0x05880000)
  to   space 960K,   0% used [0x05880000, 0x05880000, 0x05970000)
 tenured generation   total 19248K, used 18328K [0x0a550000, 0x0b81c000, 0x15000000)
   the space 19248K,  95% used [0x0a550000, 0x0b736390, 0x0b736400, 0x0b81c000)
 Metaspace       used 5888K, capacity 7104K, committed 7168K, reserved 7552K
}

